<?xml version="1.0" encoding="UTF-8"?>
<!-- Generated by org.testng.reporters.JUnitReportReporter -->
<testsuite hostname="SYNBLRLTF16PHAZ" failures="0" tests="1" name="Assignment.Saucelabs.EndToEndScenarios" time="5.949" errors="0" timestamp="2025-10-23T10:34:50 IST" skipped="0">
  <testcase classname="Assignment.Saucelabs.EndToEndScenarios" name="endtoend" time="5.949">
    <system-out>
      <![CDATA[cart validated
Order summary is successfully validated
THANK YOU FOR YOUR ORDER]]>
    </system-out>
  </testcase> <!-- endtoend -->
  <system-out>
    <![CDATA[cart validated
Order summary is successfully validated
THANK YOU FOR YOUR ORDER]]>
  </system-out>
</testsuite> <!-- Assignment.Saucelabs.EndToEndScenarios -->
